<?xml version="1.0" encoding="UTF-8"?>
<testng-results ignored="0" total="4" passed="3" failed="1" skipped="0">
  <reporter-output>
    <line>
      <![CDATA[rr test startreportngcheck1]]>
    </line>
    <line>
      <![CDATA[rr test status1]]>
    </line>
    <line>
      <![CDATA[rr test startreportngcheck2]]>
    </line>
    <line>
      <![CDATA[rr test startreportngcheck3]]>
    </line>
    <line>
      <![CDATA[rr test status1]]>
    </line>
    <line>
      <![CDATA[rr test startreportngcheck4]]>
    </line>
    <line>
      <![CDATA[rr test status1]]>
    </line>
  </reporter-output>
  <suite started-at="2022-11-07T21:55:02 EST" name="reportcheck" finished-at="2022-11-07T21:55:24 EST" duration-ms="21821">
    <groups>
    </groups>
    <test started-at="2022-11-07T21:55:02 EST" name="reporting" finished-at="2022-11-07T21:55:24 EST" duration-ms="21821">
      <class name="reportngcl.reportngtesting">
        <test-method is-config="true" signature="browsersetup()[pri:0, instance:reportngcl.reportngtesting@3e27aa33]" started-at="2022-11-07T21:54:57 EST" name="browsersetup" finished-at="2022-11-07T21:55:02 EST" duration-ms="5004" status="PASS">
          <reporter-output>
          </reporter-output>
        </test-method> <!-- browsersetup -->
        <test-method signature="reportngcheck1()[pri:0, instance:reportngcl.reportngtesting@3e27aa33]" started-at="2022-11-07T21:55:02 EST" name="reportngcheck1" finished-at="2022-11-07T21:55:10 EST" duration-ms="8153" status="PASS">
          <reporter-output>
            <line>
              <![CDATA[rr test startreportngcheck1]]>
            </line>
            <line>
              <![CDATA[rr test status1]]>
            </line>
          </reporter-output>
        </test-method> <!-- reportngcheck1 -->
        <test-method signature="reportngcheck2()[pri:0, instance:reportngcl.reportngtesting@3e27aa33]" started-at="2022-11-07T21:55:10 EST" name="reportngcheck2" finished-at="2022-11-07T21:55:16 EST" duration-ms="5530" status="FAIL">
          <exception class="java.lang.AssertionError">
            <message>
              <![CDATA[expected [true] but found [false]]]>
            </message>
            <full-stacktrace>
              <![CDATA[java.lang.AssertionError: expected [true] but found [false]
at org.testng.Assert.fail(Assert.java:110)
at org.testng.Assert.failNotEquals(Assert.java:1413)
at org.testng.Assert.assertTrue(Assert.java:56)
at org.testng.Assert.assertTrue(Assert.java:66)
at reportngcl.reportngtesting.reportngcheck2(reportngtesting.java:20)
at java.base/jdk.internal.reflect.NativeMethodAccessorImpl.invoke0(Native Method)
at java.base/jdk.internal.reflect.NativeMethodAccessorImpl.invoke(NativeMethodAccessorImpl.java:77)
at java.base/jdk.internal.reflect.DelegatingMethodAccessorImpl.invoke(DelegatingMethodAccessorImpl.java:43)
at java.base/java.lang.reflect.Method.invoke(Method.java:568)
at org.testng.internal.invokers.MethodInvocationHelper.invokeMethod(MethodInvocationHelper.java:139)
at org.testng.internal.invokers.TestInvoker.invokeMethod(TestInvoker.java:677)
at org.testng.internal.invokers.TestInvoker.invokeTestMethod(TestInvoker.java:221)
at org.testng.internal.invokers.MethodRunner.runInSequence(MethodRunner.java:50)
at org.testng.internal.invokers.TestInvoker$MethodInvocationAgent.invoke(TestInvoker.java:962)
at org.testng.internal.invokers.TestInvoker.invokeTestMethods(TestInvoker.java:194)
at org.testng.internal.invokers.TestMethodWorker.invokeTestMethods(TestMethodWorker.java:148)
at org.testng.internal.invokers.TestMethodWorker.run(TestMethodWorker.java:128)
at java.base/java.util.ArrayList.forEach(ArrayList.java:1511)
at org.testng.TestRunner.privateRun(TestRunner.java:806)
at org.testng.TestRunner.run(TestRunner.java:601)
at org.testng.SuiteRunner.runTest(SuiteRunner.java:433)
at org.testng.SuiteRunner.runSequentially(SuiteRunner.java:427)
at org.testng.SuiteRunner.privateRun(SuiteRunner.java:387)
at org.testng.SuiteRunner.run(SuiteRunner.java:330)
at org.testng.SuiteRunnerWorker.runSuite(SuiteRunnerWorker.java:52)
at org.testng.SuiteRunnerWorker.run(SuiteRunnerWorker.java:95)
at org.testng.TestNG.runSuitesSequentially(TestNG.java:1256)
at org.testng.TestNG.runSuitesLocally(TestNG.java:1176)
at org.testng.TestNG.runSuites(TestNG.java:1099)
at org.testng.TestNG.run(TestNG.java:1067)
at org.testng.remote.AbstractRemoteTestNG.run(AbstractRemoteTestNG.java:115)
at org.testng.remote.RemoteTestNG.initAndRun(RemoteTestNG.java:251)
at org.testng.remote.RemoteTestNG.main(RemoteTestNG.java:77)
]]>
            </full-stacktrace>
          </exception> <!-- java.lang.AssertionError -->
          <reporter-output>
            <line>
              <![CDATA[rr test startreportngcheck2]]>
            </line>
          </reporter-output>
        </test-method> <!-- reportngcheck2 -->
        <test-method signature="reportngcheck3()[pri:0, instance:reportngcl.reportngtesting@3e27aa33]" started-at="2022-11-07T21:55:16 EST" name="reportngcheck3" finished-at="2022-11-07T21:55:22 EST" duration-ms="6290" status="PASS">
          <reporter-output>
            <line>
              <![CDATA[rr test startreportngcheck3]]>
            </line>
            <line>
              <![CDATA[rr test status1]]>
            </line>
          </reporter-output>
        </test-method> <!-- reportngcheck3 -->
        <test-method signature="reportngcheck4()[pri:0, instance:reportngcl.reportngtesting@3e27aa33]" started-at="2022-11-07T21:55:22 EST" name="reportngcheck4" finished-at="2022-11-07T21:55:24 EST" duration-ms="1354" status="PASS">
          <reporter-output>
            <line>
              <![CDATA[rr test startreportngcheck4]]>
            </line>
            <line>
              <![CDATA[rr test status1]]>
            </line>
          </reporter-output>
        </test-method> <!-- reportngcheck4 -->
        <test-method is-config="true" signature="browserclosing()[pri:0, instance:reportngcl.reportngtesting@3e27aa33]" started-at="2022-11-07T21:55:24 EST" name="browserclosing" finished-at="2022-11-07T21:55:24 EST" duration-ms="505" status="PASS">
          <reporter-output>
          </reporter-output>
        </test-method> <!-- browserclosing -->
      </class> <!-- reportngcl.reportngtesting -->
    </test> <!-- reporting -->
  </suite> <!-- reportcheck -->
</testng-results>
